<?xml version="1.0" encoding="UTF-8"?>
<coverage generated="1685185685791" clover="3.2.0">
  <project timestamp="1685185685791" name="All files">
    <metrics statements="13" coveredstatements="13" conditionals="4" coveredconditionals="4" methods="2" coveredmethods="2" elements="19" coveredelements="19" complexity="0" loc="13" ncloc="13" packages="1" files="2" classes="2"/>
    <file name="index.ts" path="/Users/jiseong/Desktop/danji/danji/packages/styled/src/utils/index.ts">
      <metrics statements="1" coveredstatements="1" conditionals="0" coveredconditionals="0" methods="0" coveredmethods="0"/>
      <line num="1" count="1" type="stmt"/>
    </file>
    <file name="testUtils.ts" path="/Users/jiseong/Desktop/danji/danji/packages/styled/src/utils/testUtils.ts">
      <metrics statements="12" coveredstatements="12" conditionals="4" coveredconditionals="4" methods="2" coveredmethods="2"/>
      <line num="1" count="1" type="stmt"/>
      <line num="2" count="1" type="stmt"/>
      <line num="3" count="1" type="stmt"/>
      <line num="4" count="1" type="stmt"/>
      <line num="5" count="1" type="stmt"/>
      <line num="6" count="1" type="stmt"/>
      <line num="7" count="1" type="cond" truecount="1" falsecount="0"/>
      <line num="8" count="5" type="cond" truecount="2" falsecount="0"/>
      <line num="9" count="5" type="stmt"/>
      <line num="10" count="5" type="stmt"/>
      <line num="11" count="1" type="stmt"/>
      <line num="12" count="1" type="cond" truecount="1" falsecount="0"/>
    </file>
  </project>
</coverage>
