{"/Users/jiseong/Desktop/danji/danji/packages/styled/src/utils/index.ts": {"path":"/Users/jiseong/Desktop/danji/danji/packages/styled/src/utils/index.ts","all":false,"statementMap":{"0":{"start":{"line":1,"column":0},"end":{"line":1,"column":28}}},"s":{"0":1},"branchMap":{},"b":{},"fnMap":{},"f":{}}
,"/Users/jiseong/Desktop/danji/danji/packages/styled/src/utils/testUtils.ts": {"path":"/Users/jiseong/Desktop/danji/danji/packages/styled/src/utils/testUtils.ts","all":false,"statementMap":{"0":{"start":{"line":1,"column":0},"end":{"line":1,"column":23}},"1":{"start":{"line":2,"column":0},"end":{"line":2,"column":12}},"2":{"start":{"line":3,"column":0},"end":{"line":3,"column":12}},"3":{"start":{"line":4,"column":0},"end":{"line":4,"column":12}},"4":{"start":{"line":5,"column":0},"end":{"line":5,"column":2}},"5":{"start":{"line":6,"column":0},"end":{"line":6,"column":0}},"6":{"start":{"line":7,"column":0},"end":{"line":7,"column":44}},"7":{"start":{"line":8,"column":0},"end":{"line":8,"column":87}},"8":{"start":{"line":9,"column":0},"end":{"line":9,"column":49}},"9":{"start":{"line":10,"column":0},"end":{"line":10,"column":2}},"10":{"start":{"line":11,"column":0},"end":{"line":11,"column":0}},"11":{"start":{"line":12,"column":0},"end":{"line":12,"column":86}}},"s":{"0":1,"1":1,"2":1,"3":1,"4":1,"5":1,"6":1,"7":5,"8":5,"9":5,"10":1,"11":1},"branchMap":{"0":{"type":"branch","line":7,"loc":{"start":{"line":7,"column":24},"end":{"line":10,"column":2}},"locations":[{"start":{"line":7,"column":24},"end":{"line":10,"column":2}}]},"1":{"type":"branch","line":8,"loc":{"start":{"line":8,"column":37},"end":{"line":8,"column":44}},"locations":[{"start":{"line":8,"column":37},"end":{"line":8,"column":44}}]},"2":{"type":"branch","line":8,"loc":{"start":{"line":8,"column":45},"end":{"line":8,"column":86}},"locations":[{"start":{"line":8,"column":45},"end":{"line":8,"column":86}}]},"3":{"type":"branch","line":12,"loc":{"start":{"line":12,"column":30},"end":{"line":12,"column":85}},"locations":[{"start":{"line":12,"column":30},"end":{"line":12,"column":85}}]}},"b":{"0":[5],"1":[4],"2":[1],"3":[1]},"fnMap":{"0":{"name":"getColor","decl":{"start":{"line":7,"column":24},"end":{"line":10,"column":2}},"loc":{"start":{"line":7,"column":24},"end":{"line":10,"column":2}},"line":7},"1":{"name":"getRandomColor","decl":{"start":{"line":12,"column":30},"end":{"line":12,"column":85}},"loc":{"start":{"line":12,"column":30},"end":{"line":12,"column":85}},"line":12}},"f":{"0":5,"1":1}}
}
